[INFO] Scanning for projects...
C:\Users\Romain Guider\git\M2Doc\plugins\org.obeonetwork.m2doc\.polyglot.build.properties
C:\Users\Romain Guider\git\M2Doc\plugins\org.obeonetwork.m2doc.ui\.polyglot.build.properties
C:\Users\Romain Guider\git\M2Doc\plugins\org.obeonetwork.m2doc.ui.edit\.polyglot.build.properties
C:\Users\Romain Guider\git\M2Doc\plugins\org.obeonetwork.m2doc.ui.editor\.polyglot.build.properties
C:\Users\Romain Guider\git\M2Doc\tests\org.obeonetwork.m2doc.tests\.polyglot.build.properties
C:\Users\Romain Guider\git\M2Doc\features\org.obeonetwork.m2doc.feature\.polyglot.build.properties
C:\Users\Romain Guider\git\M2Doc\dependencies\org.apache.poi\.polyglot.build.properties
C:\Users\Romain Guider\git\M2Doc\dependencies\org.apache.poi.feature\.polyglot.build.properties
[WARNING] No explicit target runtime environment configuration. Build is platform dependent.
[WARNING] No explicit target runtime environment configuration. Build is platform dependent.
[WARNING] No explicit target runtime environment configuration. Build is platform dependent.
[WARNING] No explicit target runtime environment configuration. Build is platform dependent.
[WARNING] No explicit target runtime environment configuration. Build is platform dependent.
[WARNING] No explicit target runtime environment configuration. Build is platform dependent.
[WARNING] No explicit target runtime environment configuration. Build is platform dependent.
[WARNING] No explicit target runtime environment configuration. Build is platform dependent.
[WARNING] No explicit target runtime environment configuration. Build is platform dependent.
[WARNING] No explicit target runtime environment configuration. Build is platform dependent.
[INFO] Computing target platform for MavenProject: org.obeonetwork.m2doc:org.obeonetwork.m2doc:0.7.0-SNAPSHOT @ C:\Users\Romain Guider\git\M2Doc\plugins\org.obeonetwork.m2doc\.polyglot.build.properties
[INFO] Fetching p2.index from http://download.eclipse.org/releases/mars/ (0B at 0B/s)
[INFO] Adding repository http://download.eclipse.org/releases/mars
[INFO] Fetching p2.index from http://download.eclipse.org/technology/epp/packages/mars/ (0B at 0B/s)
[INFO] Fetching p2.index from http://download.eclipse.org/releases/mars/201506241002/ (0B at 0B/s)
[INFO] Fetching p2.index from http://download.eclipse.org/releases/mars/201510021000/ (0B at 0B/s)
[INFO] Fetching p2.index from http://download.eclipse.org/releases/mars/201602261000/ (0B at 0B/s)
[INFO] Resolving dependencies of MavenProject: org.obeonetwork.m2doc:org.obeonetwork.m2doc:0.7.0-SNAPSHOT @ C:\Users\Romain Guider\git\M2Doc\plugins\org.obeonetwork.m2doc\.polyglot.build.properties
[INFO] Resolving class path of MavenProject: org.obeonetwork.m2doc:org.obeonetwork.m2doc:0.7.0-SNAPSHOT @ C:\Users\Romain Guider\git\M2Doc\plugins\org.obeonetwork.m2doc\.polyglot.build.properties
[INFO] Computing target platform for MavenProject: org.obeonetwork.m2doc:org.obeonetwork.m2doc.ui:0.7.0-SNAPSHOT @ C:\Users\Romain Guider\git\M2Doc\plugins\org.obeonetwork.m2doc.ui\.polyglot.build.properties
[INFO] Resolving dependencies of MavenProject: org.obeonetwork.m2doc:org.obeonetwork.m2doc.ui:0.7.0-SNAPSHOT @ C:\Users\Romain Guider\git\M2Doc\plugins\org.obeonetwork.m2doc.ui\.polyglot.build.properties
[INFO] Resolving class path of MavenProject: org.obeonetwork.m2doc:org.obeonetwork.m2doc.ui:0.7.0-SNAPSHOT @ C:\Users\Romain Guider\git\M2Doc\plugins\org.obeonetwork.m2doc.ui\.polyglot.build.properties
[INFO] Computing target platform for MavenProject: org.obeonetwork.m2doc:org.obeonetwork.m2doc.ui.edit:0.7.0-SNAPSHOT @ C:\Users\Romain Guider\git\M2Doc\plugins\org.obeonetwork.m2doc.ui.edit\.polyglot.build.properties
[INFO] Resolving dependencies of MavenProject: org.obeonetwork.m2doc:org.obeonetwork.m2doc.ui.edit:0.7.0-SNAPSHOT @ C:\Users\Romain Guider\git\M2Doc\plugins\org.obeonetwork.m2doc.ui.edit\.polyglot.build.properties
[INFO] Resolving class path of MavenProject: org.obeonetwork.m2doc:org.obeonetwork.m2doc.ui.edit:0.7.0-SNAPSHOT @ C:\Users\Romain Guider\git\M2Doc\plugins\org.obeonetwork.m2doc.ui.edit\.polyglot.build.properties
[INFO] Computing target platform for MavenProject: org.obeonetwork.m2doc:org.obeonetwork.m2doc.ui.editor:0.7.0-SNAPSHOT @ C:\Users\Romain Guider\git\M2Doc\plugins\org.obeonetwork.m2doc.ui.editor\.polyglot.build.properties
[INFO] Resolving dependencies of MavenProject: org.obeonetwork.m2doc:org.obeonetwork.m2doc.ui.editor:0.7.0-SNAPSHOT @ C:\Users\Romain Guider\git\M2Doc\plugins\org.obeonetwork.m2doc.ui.editor\.polyglot.build.properties
[INFO] Resolving class path of MavenProject: org.obeonetwork.m2doc:org.obeonetwork.m2doc.ui.editor:0.7.0-SNAPSHOT @ C:\Users\Romain Guider\git\M2Doc\plugins\org.obeonetwork.m2doc.ui.editor\.polyglot.build.properties
[INFO] Computing target platform for MavenProject: org.obeonetwork.m2doc:org.obeonetwork.m2doc.tests:0.7.0-SNAPSHOT @ C:\Users\Romain Guider\git\M2Doc\tests\org.obeonetwork.m2doc.tests\.polyglot.build.properties
[INFO] Resolving dependencies of MavenProject: org.obeonetwork.m2doc:org.obeonetwork.m2doc.tests:0.7.0-SNAPSHOT @ C:\Users\Romain Guider\git\M2Doc\tests\org.obeonetwork.m2doc.tests\.polyglot.build.properties
[INFO] Resolving class path of MavenProject: org.obeonetwork.m2doc:org.obeonetwork.m2doc.tests:0.7.0-SNAPSHOT @ C:\Users\Romain Guider\git\M2Doc\tests\org.obeonetwork.m2doc.tests\.polyglot.build.properties
[INFO] Computing target platform for MavenProject: org.obeonetwork.m2doc:org.obeonetwork.m2doc.feature:0.7.0-SNAPSHOT @ C:\Users\Romain Guider\git\M2Doc\features\org.obeonetwork.m2doc.feature\.polyglot.build.properties
[INFO] Resolving dependencies of MavenProject: org.obeonetwork.m2doc:org.obeonetwork.m2doc.feature:0.7.0-SNAPSHOT @ C:\Users\Romain Guider\git\M2Doc\features\org.obeonetwork.m2doc.feature\.polyglot.build.properties
[INFO] Resolving class path of MavenProject: org.obeonetwork.m2doc:org.obeonetwork.m2doc.feature:0.7.0-SNAPSHOT @ C:\Users\Romain Guider\git\M2Doc\features\org.obeonetwork.m2doc.feature\.polyglot.build.properties
[INFO] Computing target platform for MavenProject: M2Doc:org.obeonetwork.m2doc.update:0.7.0-SNAPSHOT @ C:\Users\Romain Guider\git\M2Doc\releng\org.obeonetwork.m2doc.update\pom.xml
[INFO] Resolving dependencies of MavenProject: M2Doc:org.obeonetwork.m2doc.update:0.7.0-SNAPSHOT @ C:\Users\Romain Guider\git\M2Doc\releng\org.obeonetwork.m2doc.update\pom.xml
[INFO] Resolving class path of MavenProject: M2Doc:org.obeonetwork.m2doc.update:0.7.0-SNAPSHOT @ C:\Users\Romain Guider\git\M2Doc\releng\org.obeonetwork.m2doc.update\pom.xml
[INFO] Computing target platform for MavenProject: org.obeonetwork.m2doc:org.apache.poi:3.13.0-SNAPSHOT @ C:\Users\Romain Guider\git\M2Doc\dependencies\org.apache.poi\.polyglot.build.properties
[INFO] Resolving dependencies of MavenProject: org.obeonetwork.m2doc:org.apache.poi:3.13.0-SNAPSHOT @ C:\Users\Romain Guider\git\M2Doc\dependencies\org.apache.poi\.polyglot.build.properties
[INFO] Resolving class path of MavenProject: org.obeonetwork.m2doc:org.apache.poi:3.13.0-SNAPSHOT @ C:\Users\Romain Guider\git\M2Doc\dependencies\org.apache.poi\.polyglot.build.properties
[INFO] Computing target platform for MavenProject: org.obeonetwork.m2doc:org.apache.poi.feature:3.13.0-SNAPSHOT @ C:\Users\Romain Guider\git\M2Doc\dependencies\org.apache.poi.feature\.polyglot.build.properties
[INFO] Resolving dependencies of MavenProject: org.obeonetwork.m2doc:org.apache.poi.feature:3.13.0-SNAPSHOT @ C:\Users\Romain Guider\git\M2Doc\dependencies\org.apache.poi.feature\.polyglot.build.properties
[INFO] Resolving class path of MavenProject: org.obeonetwork.m2doc:org.apache.poi.feature:3.13.0-SNAPSHOT @ C:\Users\Romain Guider\git\M2Doc\dependencies\org.apache.poi.feature\.polyglot.build.properties
[INFO] Computing target platform for MavenProject: M2Doc:org.apache.poi.update:0.7.0-SNAPSHOT @ C:\Users\Romain Guider\git\M2Doc\dependencies\org.apache.poi.update\pom.xml
[INFO] Resolving dependencies of MavenProject: M2Doc:org.apache.poi.update:0.7.0-SNAPSHOT @ C:\Users\Romain Guider\git\M2Doc\dependencies\org.apache.poi.update\pom.xml
[INFO] Resolving class path of MavenProject: M2Doc:org.apache.poi.update:0.7.0-SNAPSHOT @ C:\Users\Romain Guider\git\M2Doc\dependencies\org.apache.poi.update\pom.xml
[INFO] ------------------------------------------------------------------------
[INFO] Reactor Build Order:
[INFO] 
[INFO] org.apache.poi
[INFO] org.obeonetwork.m2doc
[INFO] org.obeonetwork.m2doc.ui
[INFO] org.obeonetwork.m2doc.ui.edit
[INFO] org.obeonetwork.m2doc.ui.editor
[INFO] org.obeonetwork.m2doc.tests
[INFO] org.obeonetwork.m2doc.feature
[INFO] org.obeonetwork.m2doc.parent
[INFO] org.obeonetwork.m2doc.update
[INFO] org.apache.poi.feature
[INFO] org.apache.poi.update
[INFO]                                                                         
[INFO] ------------------------------------------------------------------------
[INFO] Building org.apache.poi 3.13.0-SNAPSHOT
[INFO] ------------------------------------------------------------------------
[INFO] 
[INFO] --- maven-clean-plugin:2.5:clean (default-clean) @ org.apache.poi ---
[INFO] Deleting C:\Users\Romain Guider\git\M2Doc\dependencies\org.apache.poi\target
[INFO] 
[INFO] --- tycho-packaging-plugin:0.24.0:build-qualifier (default-build-qualifier) @ org.apache.poi ---
[INFO] The project's OSGi version is 3.13.0.201604211425
[INFO] 
[INFO] --- tycho-packaging-plugin:0.24.0:validate-id (default-validate-id) @ org.apache.poi ---
[INFO] 
[INFO] --- tycho-packaging-plugin:0.24.0:validate-version (default-validate-version) @ org.apache.poi ---
[INFO] 
[INFO] --- maven-resources-plugin:2.4.3:resources (default-resources) @ org.apache.poi ---
[WARNING] Using platform encoding (Cp1252 actually) to copy filtered resources, i.e. build is platform dependent!
[INFO] skip non existing resourceDirectory C:\Users\Romain Guider\git\M2Doc\dependencies\org.apache.poi\src\main\resources
[INFO] 
[INFO] --- tycho-compiler-plugin:0.24.0:compile (default-compile) @ org.apache.poi ---
[INFO] Nothing to compile - all classes are up to date
[INFO] 
[INFO] --- maven-resources-plugin:2.4.3:testResources (default-testResources) @ org.apache.poi ---
[WARNING] Using platform encoding (Cp1252 actually) to copy filtered resources, i.e. build is platform dependent!
[INFO] skip non existing resourceDirectory C:\Users\Romain Guider\git\M2Doc\dependencies\org.apache.poi\src\test\resources
[INFO] 
[INFO] --- target-platform-configuration:0.24.0:target-platform (default-target-platform) @ org.apache.poi ---
[INFO] 
[INFO] --- tycho-packaging-plugin:0.24.0:package-plugin (default-package-plugin) @ org.apache.poi ---
[INFO] Building jar: C:\Users\Romain Guider\git\M2Doc\dependencies\org.apache.poi\target\org.apache.poi-3.13.0-SNAPSHOT.jar
[INFO] 
[INFO] --- tycho-p2-plugin:0.24.0:p2-metadata-default (default-p2-metadata-default) @ org.apache.poi ---
[INFO]                                                                         
[INFO] ------------------------------------------------------------------------
[INFO] Building org.obeonetwork.m2doc 0.7.0-SNAPSHOT
[INFO] ------------------------------------------------------------------------
[INFO] 
[INFO] --- maven-clean-plugin:2.5:clean (default-clean) @ org.obeonetwork.m2doc ---
[INFO] Deleting C:\Users\Romain Guider\git\M2Doc\plugins\org.obeonetwork.m2doc\target
[INFO] 
[INFO] --- tycho-packaging-plugin:0.24.0:build-qualifier (default-build-qualifier) @ org.obeonetwork.m2doc ---
[INFO] The project's OSGi version is 0.7.0.201604211425
[INFO] 
[INFO] --- tycho-packaging-plugin:0.24.0:validate-id (default-validate-id) @ org.obeonetwork.m2doc ---
[INFO] 
[INFO] --- tycho-packaging-plugin:0.24.0:validate-version (default-validate-version) @ org.obeonetwork.m2doc ---
[INFO] 
[INFO] --- maven-resources-plugin:2.4.3:resources (default-resources) @ org.obeonetwork.m2doc ---
[WARNING] Using platform encoding (Cp1252 actually) to copy filtered resources, i.e. build is platform dependent!
[INFO] skip non existing resourceDirectory C:\Users\Romain Guider\git\M2Doc\plugins\org.obeonetwork.m2doc\src\main\resources
[INFO] 
[INFO] --- tycho-compiler-plugin:0.24.0:compile (default-compile) @ org.obeonetwork.m2doc ---
[INFO] Compiling 58 source files to C:\Users\Romain Guider\git\M2Doc\plugins\org.obeonetwork.m2doc\target\classes
[INFO] 
[INFO] --- maven-resources-plugin:2.4.3:testResources (default-testResources) @ org.obeonetwork.m2doc ---
[WARNING] Using platform encoding (Cp1252 actually) to copy filtered resources, i.e. build is platform dependent!
[INFO] skip non existing resourceDirectory C:\Users\Romain Guider\git\M2Doc\plugins\org.obeonetwork.m2doc\src\test\resources
[INFO] 
[INFO] --- target-platform-configuration:0.24.0:target-platform (default-target-platform) @ org.obeonetwork.m2doc ---
[INFO] 
[INFO] --- tycho-packaging-plugin:0.24.0:package-plugin (default-package-plugin) @ org.obeonetwork.m2doc ---
[INFO] Building jar: C:\Users\Romain Guider\git\M2Doc\plugins\org.obeonetwork.m2doc\target\org.obeonetwork.m2doc-0.7.0-SNAPSHOT.jar
[INFO] 
[INFO] --- tycho-p2-plugin:0.24.0:p2-metadata-default (default-p2-metadata-default) @ org.obeonetwork.m2doc ---
[INFO]                                                                         
[INFO] ------------------------------------------------------------------------
[INFO] Building org.obeonetwork.m2doc.ui 0.7.0-SNAPSHOT
[INFO] ------------------------------------------------------------------------
[INFO] 
[INFO] --- maven-clean-plugin:2.5:clean (default-clean) @ org.obeonetwork.m2doc.ui ---
[INFO] Deleting C:\Users\Romain Guider\git\M2Doc\plugins\org.obeonetwork.m2doc.ui\target
[INFO] 
[INFO] --- tycho-packaging-plugin:0.24.0:build-qualifier (default-build-qualifier) @ org.obeonetwork.m2doc.ui ---
[INFO] The project's OSGi version is 0.7.0.201604211425
[INFO] 
[INFO] --- tycho-packaging-plugin:0.24.0:validate-id (default-validate-id) @ org.obeonetwork.m2doc.ui ---
[INFO] 
[INFO] --- tycho-packaging-plugin:0.24.0:validate-version (default-validate-version) @ org.obeonetwork.m2doc.ui ---
[INFO] 
[INFO] --- maven-resources-plugin:2.4.3:resources (default-resources) @ org.obeonetwork.m2doc.ui ---
[WARNING] Using platform encoding (Cp1252 actually) to copy filtered resources, i.e. build is platform dependent!
[INFO] skip non existing resourceDirectory C:\Users\Romain Guider\git\M2Doc\plugins\org.obeonetwork.m2doc.ui\src\main\resources
[INFO] 
[INFO] --- tycho-compiler-plugin:0.24.0:compile (default-compile) @ org.obeonetwork.m2doc.ui ---
[INFO] Compiling 18 source files to C:\Users\Romain Guider\git\M2Doc\plugins\org.obeonetwork.m2doc.ui\target\classes
[INFO] 
[INFO] --- maven-resources-plugin:2.4.3:testResources (default-testResources) @ org.obeonetwork.m2doc.ui ---
[WARNING] Using platform encoding (Cp1252 actually) to copy filtered resources, i.e. build is platform dependent!
[INFO] skip non existing resourceDirectory C:\Users\Romain Guider\git\M2Doc\plugins\org.obeonetwork.m2doc.ui\src\test\resources
[INFO] 
[INFO] --- target-platform-configuration:0.24.0:target-platform (default-target-platform) @ org.obeonetwork.m2doc.ui ---
[INFO] 
[INFO] --- tycho-packaging-plugin:0.24.0:package-plugin (default-package-plugin) @ org.obeonetwork.m2doc.ui ---
[INFO] Building jar: C:\Users\Romain Guider\git\M2Doc\plugins\org.obeonetwork.m2doc.ui\target\org.obeonetwork.m2doc.ui-0.7.0-SNAPSHOT.jar
[INFO] 
[INFO] --- tycho-p2-plugin:0.24.0:p2-metadata-default (default-p2-metadata-default) @ org.obeonetwork.m2doc.ui ---
[INFO]                                                                         
[INFO] ------------------------------------------------------------------------
[INFO] Building org.obeonetwork.m2doc.ui.edit 0.7.0-SNAPSHOT
[INFO] ------------------------------------------------------------------------
[INFO] 
[INFO] --- maven-clean-plugin:2.5:clean (default-clean) @ org.obeonetwork.m2doc.ui.edit ---
[INFO] Deleting C:\Users\Romain Guider\git\M2Doc\plugins\org.obeonetwork.m2doc.ui.edit\target
[INFO] 
[INFO] --- tycho-packaging-plugin:0.24.0:build-qualifier (default-build-qualifier) @ org.obeonetwork.m2doc.ui.edit ---
[INFO] The project's OSGi version is 0.7.0.201604211425
[INFO] 
[INFO] --- tycho-packaging-plugin:0.24.0:validate-id (default-validate-id) @ org.obeonetwork.m2doc.ui.edit ---
[INFO] 
[INFO] --- tycho-packaging-plugin:0.24.0:validate-version (default-validate-version) @ org.obeonetwork.m2doc.ui.edit ---
[INFO] 
[INFO] --- maven-resources-plugin:2.4.3:resources (default-resources) @ org.obeonetwork.m2doc.ui.edit ---
[WARNING] Using platform encoding (Cp1252 actually) to copy filtered resources, i.e. build is platform dependent!
[INFO] skip non existing resourceDirectory C:\Users\Romain Guider\git\M2Doc\plugins\org.obeonetwork.m2doc.ui.edit\src\main\resources
[INFO] 
[INFO] --- tycho-compiler-plugin:0.24.0:compile (default-compile) @ org.obeonetwork.m2doc.ui.edit ---
[INFO] Compiling 6 source files to C:\Users\Romain Guider\git\M2Doc\plugins\org.obeonetwork.m2doc.ui.edit\target\classes
[INFO] 
[INFO] --- maven-resources-plugin:2.4.3:testResources (default-testResources) @ org.obeonetwork.m2doc.ui.edit ---
[WARNING] Using platform encoding (Cp1252 actually) to copy filtered resources, i.e. build is platform dependent!
[INFO] skip non existing resourceDirectory C:\Users\Romain Guider\git\M2Doc\plugins\org.obeonetwork.m2doc.ui.edit\src\test\resources
[INFO] 
[INFO] --- target-platform-configuration:0.24.0:target-platform (default-target-platform) @ org.obeonetwork.m2doc.ui.edit ---
[INFO] 
[INFO] --- tycho-packaging-plugin:0.24.0:package-plugin (default-package-plugin) @ org.obeonetwork.m2doc.ui.edit ---
[INFO] Building jar: C:\Users\Romain Guider\git\M2Doc\plugins\org.obeonetwork.m2doc.ui.edit\target\org.obeonetwork.m2doc.ui.edit-0.7.0-SNAPSHOT.jar
[INFO] 
[INFO] --- tycho-p2-plugin:0.24.0:p2-metadata-default (default-p2-metadata-default) @ org.obeonetwork.m2doc.ui.edit ---
[INFO]                                                                         
[INFO] ------------------------------------------------------------------------
[INFO] Building org.obeonetwork.m2doc.ui.editor 0.7.0-SNAPSHOT
[INFO] ------------------------------------------------------------------------
[INFO] 
[INFO] --- maven-clean-plugin:2.5:clean (default-clean) @ org.obeonetwork.m2doc.ui.editor ---
[INFO] Deleting C:\Users\Romain Guider\git\M2Doc\plugins\org.obeonetwork.m2doc.ui.editor\target
[INFO] 
[INFO] --- tycho-packaging-plugin:0.24.0:build-qualifier (default-build-qualifier) @ org.obeonetwork.m2doc.ui.editor ---
[INFO] The project's OSGi version is 0.7.0.201604211425
[INFO] 
[INFO] --- tycho-packaging-plugin:0.24.0:validate-id (default-validate-id) @ org.obeonetwork.m2doc.ui.editor ---
[INFO] 
[INFO] --- tycho-packaging-plugin:0.24.0:validate-version (default-validate-version) @ org.obeonetwork.m2doc.ui.editor ---
[INFO] 
[INFO] --- maven-resources-plugin:2.4.3:resources (default-resources) @ org.obeonetwork.m2doc.ui.editor ---
[WARNING] Using platform encoding (Cp1252 actually) to copy filtered resources, i.e. build is platform dependent!
[INFO] skip non existing resourceDirectory C:\Users\Romain Guider\git\M2Doc\plugins\org.obeonetwork.m2doc.ui.editor\src\main\resources
[INFO] 
[INFO] --- tycho-compiler-plugin:0.24.0:compile (default-compile) @ org.obeonetwork.m2doc.ui.editor ---
[INFO] Compiling 4 source files to C:\Users\Romain Guider\git\M2Doc\plugins\org.obeonetwork.m2doc.ui.editor\target\classes
[INFO] 
[INFO] --- maven-resources-plugin:2.4.3:testResources (default-testResources) @ org.obeonetwork.m2doc.ui.editor ---
[WARNING] Using platform encoding (Cp1252 actually) to copy filtered resources, i.e. build is platform dependent!
[INFO] skip non existing resourceDirectory C:\Users\Romain Guider\git\M2Doc\plugins\org.obeonetwork.m2doc.ui.editor\src\test\resources
[INFO] 
[INFO] --- target-platform-configuration:0.24.0:target-platform (default-target-platform) @ org.obeonetwork.m2doc.ui.editor ---
[INFO] 
[INFO] --- tycho-packaging-plugin:0.24.0:package-plugin (default-package-plugin) @ org.obeonetwork.m2doc.ui.editor ---
[INFO] Building jar: C:\Users\Romain Guider\git\M2Doc\plugins\org.obeonetwork.m2doc.ui.editor\target\org.obeonetwork.m2doc.ui.editor-0.7.0-SNAPSHOT.jar
[INFO] 
[INFO] --- tycho-p2-plugin:0.24.0:p2-metadata-default (default-p2-metadata-default) @ org.obeonetwork.m2doc.ui.editor ---
[INFO]                                                                         
[INFO] ------------------------------------------------------------------------
[INFO] Building org.obeonetwork.m2doc.tests 0.7.0-SNAPSHOT
[INFO] ------------------------------------------------------------------------
[INFO] 
[INFO] --- maven-clean-plugin:2.5:clean (default-clean) @ org.obeonetwork.m2doc.tests ---
[INFO] Deleting C:\Users\Romain Guider\git\M2Doc\tests\org.obeonetwork.m2doc.tests\target
[INFO] 
[INFO] --- tycho-packaging-plugin:0.24.0:build-qualifier (default-build-qualifier) @ org.obeonetwork.m2doc.tests ---
[INFO] The project's OSGi version is 0.7.0.201604211425
[INFO] 
[INFO] --- tycho-packaging-plugin:0.24.0:validate-id (default-validate-id) @ org.obeonetwork.m2doc.tests ---
[INFO] 
[INFO] --- tycho-packaging-plugin:0.24.0:validate-version (default-validate-version) @ org.obeonetwork.m2doc.tests ---
[INFO] 
[INFO] --- maven-resources-plugin:2.4.3:resources (default-resources) @ org.obeonetwork.m2doc.tests ---
[WARNING] Using platform encoding (Cp1252 actually) to copy filtered resources, i.e. build is platform dependent!
[INFO] skip non existing resourceDirectory C:\Users\Romain Guider\git\M2Doc\tests\org.obeonetwork.m2doc.tests\src\main\resources
[INFO] 
[INFO] --- tycho-compiler-plugin:0.24.0:compile (default-compile) @ org.obeonetwork.m2doc.tests ---
[INFO] Compiling 17 source files to C:\Users\Romain Guider\git\M2Doc\tests\org.obeonetwork.m2doc.tests\target\classes
[INFO] 
[INFO] --- maven-resources-plugin:2.4.3:testResources (default-testResources) @ org.obeonetwork.m2doc.tests ---
[WARNING] Using platform encoding (Cp1252 actually) to copy filtered resources, i.e. build is platform dependent!
[INFO] skip non existing resourceDirectory C:\Users\Romain Guider\git\M2Doc\tests\org.obeonetwork.m2doc.tests\src\test\resources
[INFO] 
[INFO] --- target-platform-configuration:0.24.0:target-platform (default-target-platform) @ org.obeonetwork.m2doc.tests ---
[INFO] 
[INFO] --- tycho-packaging-plugin:0.24.0:package-plugin (default-package-plugin) @ org.obeonetwork.m2doc.tests ---
[INFO] Building jar: C:\Users\Romain Guider\git\M2Doc\tests\org.obeonetwork.m2doc.tests\target\org.obeonetwork.m2doc.tests-0.7.0-SNAPSHOT.jar
[INFO] 
[INFO] --- tycho-p2-plugin:0.24.0:p2-metadata-default (default-p2-metadata-default) @ org.obeonetwork.m2doc.tests ---
[INFO] 
[INFO] --- tycho-surefire-plugin:0.24.0:test (default-test) @ org.obeonetwork.m2doc.tests ---
[INFO] Expected eclipse log file: C:\Users\Romain Guider\git\M2Doc\tests\org.obeonetwork.m2doc.tests\target\work\data\.metadata\.log
[INFO] Command line:
	[c:\Program Files\Java\jdk1.8.0_20\jre\bin\java.exe, -Dosgi.noShutdown=false, -Dosgi.os=win32, -Dosgi.ws=win32, -Dosgi.arch=x86_64, -Dosgi.clean=true, -jar, C:\Users\Romain Guider\.m2\repository\p2\osgi\bundle\org.eclipse.equinox.launcher\1.3.100.v20150511-1540\org.eclipse.equinox.launcher-1.3.100.v20150511-1540.jar, -data, C:\Users\Romain Guider\git\M2Doc\tests\org.obeonetwork.m2doc.tests\target\work\data, -install, C:\Users\Romain Guider\git\M2Doc\tests\org.obeonetwork.m2doc.tests\target\work, -configuration, C:\Users\Romain Guider\git\M2Doc\tests\org.obeonetwork.m2doc.tests\target\work\configuration, -application, org.eclipse.tycho.surefire.osgibooter.headlesstest, -testproperties, C:\Users\Romain Guider\git\M2Doc\tests\org.obeonetwork.m2doc.tests\target\surefire.properties]

-------------------------------------------------------
 T E S T S
-------------------------------------------------------
Running org.obeonetwork.m2doc.generator.test.DocumentGeneratorTest
Tests run: 23, Failures: 0, Errors: 0, Skipped: 0, Time elapsed: 7.587 sec - in org.obeonetwork.m2doc.generator.test.DocumentGeneratorTest
testConditionnalFalseProcessing(org.obeonetwork.m2doc.generator.test.DocumentGeneratorTest)  Time elapsed: 2.561 sec
testGDFORWithTableProcessing(org.obeonetwork.m2doc.generator.test.DocumentGeneratorTest)  Time elapsed: 0.679 sec
testConditionnal1trueProcessing(org.obeonetwork.m2doc.generator.test.DocumentGeneratorTest)  Time elapsed: 0.198 sec
testConditionnal8Processing(org.obeonetwork.m2doc.generator.test.DocumentGeneratorTest)  Time elapsed: 0.136 sec
testFormsAndTextArea(org.obeonetwork.m2doc.generator.test.DocumentGeneratorTest)  Time elapsed: 0.529 sec
testVarRefProcessing(org.obeonetwork.m2doc.generator.test.DocumentGeneratorTest)  Time elapsed: 0.404 sec
testVarRefStyledMultipleParagraphsProcessing(org.obeonetwork.m2doc.generator.test.DocumentGeneratorTest)  Time elapsed: 0.253 sec
testImageGeneration(org.obeonetwork.m2doc.generator.test.DocumentGeneratorTest)  Time elapsed: 0.436 sec
testVarRefInHeaderProcessing(org.obeonetwork.m2doc.generator.test.DocumentGeneratorTest)  Time elapsed: 0.09 sec
testVarRefInFooterProcessing(org.obeonetwork.m2doc.generator.test.DocumentGeneratorTest)  Time elapsed: 0.102 sec
testConditionnal5Processing(org.obeonetwork.m2doc.generator.test.DocumentGeneratorTest)  Time elapsed: 0.088 sec
testStaticFragmentProcessing(org.obeonetwork.m2doc.generator.test.DocumentGeneratorTest)  Time elapsed: 0.111 sec
testGDFORProcessing(org.obeonetwork.m2doc.generator.test.DocumentGeneratorTest)  Time elapsed: 0.098 sec
testConditionnal7Processing(org.obeonetwork.m2doc.generator.test.DocumentGeneratorTest)  Time elapsed: 0.07 sec
testVarRefErrorProcessing(org.obeonetwork.m2doc.generator.test.DocumentGeneratorTest)  Time elapsed: 0.244 sec
testQueryStyledErrorProcessing(org.obeonetwork.m2doc.generator.test.DocumentGeneratorTest)  Time elapsed: 0.176 sec
testConditionnal2Processing(org.obeonetwork.m2doc.generator.test.DocumentGeneratorTest)  Time elapsed: 0.116 sec
testImagesAndFootersAndHeadersAndBullets(org.obeonetwork.m2doc.generator.test.DocumentGeneratorTest)  Time elapsed: 0.583 sec
testQueryStyledProcessing(org.obeonetwork.m2doc.generator.test.DocumentGeneratorTest)  Time elapsed: 0.068 sec
testConditionnal1falseProcessing(org.obeonetwork.m2doc.generator.test.DocumentGeneratorTest)  Time elapsed: 0.08 sec
testStaticFragmentWithFieldProcessing(org.obeonetwork.m2doc.generator.test.DocumentGeneratorTest)  Time elapsed: 0.111 sec
testConditionnal6Processing(org.obeonetwork.m2doc.generator.test.DocumentGeneratorTest)  Time elapsed: 0.137 sec
testVarRefStyledProcessing(org.obeonetwork.m2doc.generator.test.DocumentGeneratorTest)  Time elapsed: 0.209 sec
Running org.obeonetwork.m2doc.generator.test.GenerationEnvironmentTest
Tests run: 8, Failures: 0, Errors: 0, Skipped: 0, Time elapsed: 0.004 sec - in org.obeonetwork.m2doc.generator.test.GenerationEnvironmentTest
currentDefinitionTest(org.obeonetwork.m2doc.generator.test.GenerationEnvironmentTest)  Time elapsed: 0 sec
valueNotFoundTest(org.obeonetwork.m2doc.generator.test.GenerationEnvironmentTest)  Time elapsed: 0 sec
popScopeDefinitionTest(org.obeonetwork.m2doc.generator.test.GenerationEnvironmentTest)  Time elapsed: 0 sec
testEmptyStackPop(org.obeonetwork.m2doc.generator.test.GenerationEnvironmentTest)  Time elapsed: 0 sec
pushScopeDefinitionTest(org.obeonetwork.m2doc.generator.test.GenerationEnvironmentTest)  Time elapsed: 0 sec
testConstructorWithDefinitions(org.obeonetwork.m2doc.generator.test.GenerationEnvironmentTest)  Time elapsed: 0 sec
basicDefinitionTest(org.obeonetwork.m2doc.generator.test.GenerationEnvironmentTest)  Time elapsed: 0 sec
testConstructor(org.obeonetwork.m2doc.generator.test.GenerationEnvironmentTest)  Time elapsed: 0 sec
Running org.obeonetwork.m2doc.generator.test.TemplateProcessorTest
Template de test pour les balises de référence à une variable : valueofx
Template de test pour les balises de query aql : ecore
Tests run: 14, Failures: 0, Errors: 0, Skipped: 0, Time elapsed: 1.643 sec - in org.obeonetwork.m2doc.generator.test.TemplateProcessorTest
testGDIF5Processing(org.obeonetwork.m2doc.generator.test.TemplateProcessorTest)  Time elapsed: 0.247 sec
testVarRefProcessing(org.obeonetwork.m2doc.generator.test.TemplateProcessorTest)  Time elapsed: 0.124 sec
testGDIF7Processing(org.obeonetwork.m2doc.generator.test.TemplateProcessorTest)  Time elapsed: 0.059 sec
testVarQueryStyledProcessing(org.obeonetwork.m2doc.generator.test.TemplateProcessorTest)  Time elapsed: 0.197 sec
testGDIF2Processing(org.obeonetwork.m2doc.generator.test.TemplateProcessorTest)  Time elapsed: 0.114 sec
testGDFORProcessing(org.obeonetwork.m2doc.generator.test.TemplateProcessorTest)  Time elapsed: 0.22 sec
testGDIF4Processing(org.obeonetwork.m2doc.generator.test.TemplateProcessorTest)  Time elapsed: 0.085 sec
testGDIF6Processing(org.obeonetwork.m2doc.generator.test.TemplateProcessorTest)  Time elapsed: 0.134 sec
testGDIF1Processing(org.obeonetwork.m2doc.generator.test.TemplateProcessorTest)  Time elapsed: 0.066 sec
testQueryProcessing(org.obeonetwork.m2doc.generator.test.TemplateProcessorTest)  Time elapsed: 0.032 sec
testGDIF8Processing(org.obeonetwork.m2doc.generator.test.TemplateProcessorTest)  Time elapsed: 0.085 sec
testCarryageReturnProcessing(org.obeonetwork.m2doc.generator.test.TemplateProcessorTest)  Time elapsed: 0.129 sec
testGDIF3Processing(org.obeonetwork.m2doc.generator.test.TemplateProcessorTest)  Time elapsed: 0.055 sec
testVarRefStyledProcessing(org.obeonetwork.m2doc.generator.test.TemplateProcessorTest)  Time elapsed: 0.033 sec
Running org.obeonetwork.m2doc.generator.test.VariousTest
Tests run: 2, Failures: 0, Errors: 0, Skipped: 0, Time elapsed: 0.136 sec - in org.obeonetwork.m2doc.generator.test.VariousTest
testPropertiesAccess(org.obeonetwork.m2doc.generator.test.VariousTest)  Time elapsed: 0.055 sec
testStaticFragmentWithFieldProcessing(org.obeonetwork.m2doc.generator.test.VariousTest)  Time elapsed: 0.076 sec
Running org.obeonetwork.m2doc.parser.test.DocumentParserErrorsTest
Tests run: 12, Failures: 0, Errors: 0, Skipped: 0, Time elapsed: 0.745 sec - in org.obeonetwork.m2doc.parser.test.DocumentParserErrorsTest
testQueryTagError(org.obeonetwork.m2doc.parser.test.DocumentParserErrorsTest)  Time elapsed: 0.06 sec
testConditionnalError1(org.obeonetwork.m2doc.parser.test.DocumentParserErrorsTest)  Time elapsed: 0.027 sec
testConditionnalError2(org.obeonetwork.m2doc.parser.test.DocumentParserErrorsTest)  Time elapsed: 0.022 sec
testConditionnalError3(org.obeonetwork.m2doc.parser.test.DocumentParserErrorsTest)  Time elapsed: 0.044 sec
testConditionnalError4(org.obeonetwork.m2doc.parser.test.DocumentParserErrorsTest)  Time elapsed: 0.049 sec
testConditionnalError5(org.obeonetwork.m2doc.parser.test.DocumentParserErrorsTest)  Time elapsed: 0.087 sec
testRepetitionError1(org.obeonetwork.m2doc.parser.test.DocumentParserErrorsTest)  Time elapsed: 0.072 sec
testRepetitionError2(org.obeonetwork.m2doc.parser.test.DocumentParserErrorsTest)  Time elapsed: 0.07 sec
testRepetitionError3(org.obeonetwork.m2doc.parser.test.DocumentParserErrorsTest)  Time elapsed: 0.026 sec
testRepetitionError4(org.obeonetwork.m2doc.parser.test.DocumentParserErrorsTest)  Time elapsed: 0.054 sec
testRepetitionError5(org.obeonetwork.m2doc.parser.test.DocumentParserErrorsTest)  Time elapsed: 0.079 sec
testVarRefError(org.obeonetwork.m2doc.parser.test.DocumentParserErrorsTest)  Time elapsed: 0.064 sec
Running org.obeonetwork.m2doc.parser.test.DocumentParserTest
Tests run: 14, Failures: 0, Errors: 0, Skipped: 0, Time elapsed: 0.558 sec - in org.obeonetwork.m2doc.parser.test.DocumentParserTest
imageParsingTest(org.obeonetwork.m2doc.parser.test.DocumentParserTest)  Time elapsed: 0.078 sec
tableParsingTest(org.obeonetwork.m2doc.parser.test.DocumentParserTest)  Time elapsed: 0.053 sec
testRepetitionParsing(org.obeonetwork.m2doc.parser.test.DocumentParserTest)  Time elapsed: 0.029 sec
testSimpleConditionnalParsing(org.obeonetwork.m2doc.parser.test.DocumentParserTest)  Time elapsed: 0.091 sec
forWithtableParsingTest(org.obeonetwork.m2doc.parser.test.DocumentParserTest)  Time elapsed: 0.027 sec
testConditionnalWithElseIfParsing(org.obeonetwork.m2doc.parser.test.DocumentParserTest)  Time elapsed: 0.018 sec
testVarParsing(org.obeonetwork.m2doc.parser.test.DocumentParserTest)  Time elapsed: 0.014 sec
testConditionnalWith2ElseIfParsing(org.obeonetwork.m2doc.parser.test.DocumentParserTest)  Time elapsed: 0.023 sec
testConditionnalWith2ElseIfAndElseParsing(org.obeonetwork.m2doc.parser.test.DocumentParserTest)  Time elapsed: 0.027 sec
testConditionnalWithElseParsing(org.obeonetwork.m2doc.parser.test.DocumentParserTest)  Time elapsed: 0.018 sec
imageParsingTestWithBadOptionName(org.obeonetwork.m2doc.parser.test.DocumentParserTest)  Time elapsed: 0.028 sec
testQueryParsing(org.obeonetwork.m2doc.parser.test.DocumentParserTest)  Time elapsed: 0.011 sec
imageParsingTestWithoutFiledirective(org.obeonetwork.m2doc.parser.test.DocumentParserTest)  Time elapsed: 0.035 sec
testTemplateParsing(org.obeonetwork.m2doc.parser.test.DocumentParserTest)  Time elapsed: 0.035 sec
Running org.obeonetwork.m2doc.parser.test.RunProviderTest
Tests run: 6, Failures: 0, Errors: 0, Skipped: 0, Time elapsed: 0.115 sec - in org.obeonetwork.m2doc.parser.test.RunProviderTest
testHasElements(org.obeonetwork.m2doc.parser.test.RunProviderTest)  Time elapsed: 0.034 sec
testNonEmptyDoc(org.obeonetwork.m2doc.parser.test.RunProviderTest)  Time elapsed: 0.015 sec
testLookaheadEmptyIterator(org.obeonetwork.m2doc.parser.test.RunProviderTest)  Time elapsed: 0.013 sec
testNextWitLookAhead(org.obeonetwork.m2doc.parser.test.RunProviderTest)  Time elapsed: 0.013 sec
testAccessEmptyIterator(org.obeonetwork.m2doc.parser.test.RunProviderTest)  Time elapsed: 0.013 sec
testLookAhead(org.obeonetwork.m2doc.parser.test.RunProviderTest)  Time elapsed: 0.023 sec
Running org.obeonetwork.m2doc.properties.test.TemplateInfoTest
Tests run: 2, Failures: 0, Errors: 0, Skipped: 0, Time elapsed: 0.083 sec - in org.obeonetwork.m2doc.properties.test.TemplateInfoTest
testServiceToken(org.obeonetwork.m2doc.properties.test.TemplateInfoTest)  Time elapsed: 0.046 sec
testVariableMap(org.obeonetwork.m2doc.properties.test.TemplateInfoTest)  Time elapsed: 0.031 sec
Running org.obeonetwork.m2doc.services.test.ServiceRegistryTest
Tests run: 5, Failures: 0, Errors: 0, Skipped: 0, Time elapsed: 0.008 sec - in org.obeonetwork.m2doc.services.test.ServiceRegistryTest
testServicePackageListsAreUnmodifiable(org.obeonetwork.m2doc.services.test.ServiceRegistryTest)  Time elapsed: 0.002 sec
removeService(org.obeonetwork.m2doc.services.test.ServiceRegistryTest)  Time elapsed: 0.001 sec
testServicePackageEmptyListsAreUnmodifiable(org.obeonetwork.m2doc.services.test.ServiceRegistryTest)  Time elapsed: 0 sec
registerServicesTestSingleToken(org.obeonetwork.m2doc.services.test.ServiceRegistryTest)  Time elapsed: 0 sec
registerServicesTestTwoTokens(org.obeonetwork.m2doc.services.test.ServiceRegistryTest)  Time elapsed: 0 sec

Results :

Tests run: 86, Failures: 0, Errors: 0, Skipped: 0

[INFO] All tests passed!
[INFO]                                                                         
[INFO] ------------------------------------------------------------------------
[INFO] Building org.obeonetwork.m2doc.feature 0.7.0-SNAPSHOT
[INFO] ------------------------------------------------------------------------
[INFO] 
[INFO] --- maven-clean-plugin:2.5:clean (default-clean) @ org.obeonetwork.m2doc.feature ---
[INFO] Deleting C:\Users\Romain Guider\git\M2Doc\features\org.obeonetwork.m2doc.feature\target
[INFO] 
[INFO] --- tycho-packaging-plugin:0.24.0:build-qualifier-aggregator (default-build-qualifier-aggregator) @ org.obeonetwork.m2doc.feature ---
[INFO] The project's OSGi version is 0.7.0.201604211425
[INFO] 
[INFO] --- tycho-packaging-plugin:0.24.0:validate-id (default-validate-id) @ org.obeonetwork.m2doc.feature ---
[INFO] 
[INFO] --- tycho-packaging-plugin:0.24.0:validate-version (default-validate-version) @ org.obeonetwork.m2doc.feature ---
[INFO] 
[INFO] --- target-platform-configuration:0.24.0:target-platform (default-target-platform) @ org.obeonetwork.m2doc.feature ---
[INFO] 
[INFO] --- tycho-packaging-plugin:0.24.0:package-feature (default-package-feature) @ org.obeonetwork.m2doc.feature ---
[INFO] Building jar: C:\Users\Romain Guider\git\M2Doc\features\org.obeonetwork.m2doc.feature\target\org.obeonetwork.m2doc.feature-0.7.0-SNAPSHOT.jar
[INFO] 
[INFO] --- tycho-p2-plugin:0.24.0:p2-metadata-default (default-p2-metadata-default) @ org.obeonetwork.m2doc.feature ---
[INFO] 
[INFO] --- tycho-p2-plugin:0.24.0:feature-p2-metadata (default-feature-p2-metadata) @ org.obeonetwork.m2doc.feature ---
[INFO]                                                                         
[INFO] ------------------------------------------------------------------------
[INFO] Building org.obeonetwork.m2doc.parent 0.7.0-SNAPSHOT
[INFO] ------------------------------------------------------------------------
[INFO] 
[INFO] --- maven-clean-plugin:2.5:clean (default-clean) @ org.obeonetwork.m2doc.parent ---
[INFO]                                                                         
[INFO] ------------------------------------------------------------------------
[INFO] Building org.obeonetwork.m2doc.update 0.7.0-SNAPSHOT
[INFO] ------------------------------------------------------------------------
[INFO] 
[INFO] --- maven-clean-plugin:2.5:clean (default-clean) @ org.obeonetwork.m2doc.update ---
[INFO] Deleting C:\Users\Romain Guider\git\M2Doc\releng\org.obeonetwork.m2doc.update\target
[INFO] 
[INFO] --- tycho-packaging-plugin:0.24.0:build-qualifier-aggregator (default-build-qualifier-aggregator) @ org.obeonetwork.m2doc.update ---
[INFO] The project's OSGi version is 0.7.0.201604211425
[INFO] 
[INFO] --- maven-clean-plugin:2.5:clean (default-clean-1) @ org.obeonetwork.m2doc.update ---
[INFO] 
[INFO] --- maven-resources-plugin:2.4.3:resources (default-resources) @ org.obeonetwork.m2doc.update ---
[WARNING] Using platform encoding (Cp1252 actually) to copy filtered resources, i.e. build is platform dependent!
[INFO] skip non existing resourceDirectory C:\Users\Romain Guider\git\M2Doc\releng\org.obeonetwork.m2doc.update\src\main\resources
[INFO] 
[INFO] --- target-platform-configuration:0.24.0:target-platform (default-target-platform) @ org.obeonetwork.m2doc.update ---
[INFO] 
[INFO] --- tycho-p2-publisher-plugin:0.24.0:publish-products (default-publish-products) @ org.obeonetwork.m2doc.update ---
[INFO] 
[INFO] --- tycho-p2-publisher-plugin:0.24.0:publish-categories (default-publish-categories) @ org.obeonetwork.m2doc.update ---
[INFO] 
[INFO] --- tycho-p2-publisher-plugin:0.24.0:attach-artifacts (default-attach-artifacts) @ org.obeonetwork.m2doc.update ---
[INFO] 
[INFO] --- tycho-p2-repository-plugin:0.24.0:assemble-repository (default-assemble-repository) @ org.obeonetwork.m2doc.update ---
[INFO] 
[INFO] --- tycho-p2-repository-plugin:0.24.0:archive-repository (default-archive-repository) @ org.obeonetwork.m2doc.update ---
[INFO] Building zip: C:\Users\Romain Guider\git\M2Doc\releng\org.obeonetwork.m2doc.update\target\org.obeonetwork.m2doc.update-0.7.0-SNAPSHOT.zip
[INFO]                                                                         
[INFO] ------------------------------------------------------------------------
[INFO] Building org.apache.poi.feature 3.13.0-SNAPSHOT
[INFO] ------------------------------------------------------------------------
[INFO] 
[INFO] --- maven-clean-plugin:2.5:clean (default-clean) @ org.apache.poi.feature ---
[INFO] 
[INFO] --- tycho-packaging-plugin:0.24.0:build-qualifier-aggregator (default-build-qualifier-aggregator) @ org.apache.poi.feature ---
[INFO] The project's OSGi version is 3.13.0.201604211425
[INFO] 
[INFO] --- tycho-packaging-plugin:0.24.0:validate-id (default-validate-id) @ org.apache.poi.feature ---
[INFO] 
[INFO] --- tycho-packaging-plugin:0.24.0:validate-version (default-validate-version) @ org.apache.poi.feature ---
[INFO] 
[INFO] --- target-platform-configuration:0.24.0:target-platform (default-target-platform) @ org.apache.poi.feature ---
[INFO] 
[INFO] --- tycho-packaging-plugin:0.24.0:package-feature (default-package-feature) @ org.apache.poi.feature ---
[INFO] Building jar: C:\Users\Romain Guider\git\M2Doc\dependencies\org.apache.poi.feature\target\org.apache.poi.feature-3.13.0-SNAPSHOT.jar
[INFO] 
[INFO] --- tycho-p2-plugin:0.24.0:p2-metadata-default (default-p2-metadata-default) @ org.apache.poi.feature ---
[INFO] 
[INFO] --- tycho-p2-plugin:0.24.0:feature-p2-metadata (default-feature-p2-metadata) @ org.apache.poi.feature ---
[INFO]                                                                         
[INFO] ------------------------------------------------------------------------
[INFO] Building org.apache.poi.update 0.7.0-SNAPSHOT
[INFO] ------------------------------------------------------------------------
[INFO] 
[INFO] --- maven-clean-plugin:2.5:clean (default-clean) @ org.apache.poi.update ---
[INFO] 
[INFO] --- tycho-packaging-plugin:0.24.0:build-qualifier-aggregator (default-build-qualifier-aggregator) @ org.apache.poi.update ---
[INFO] The project's OSGi version is 0.7.0.201604211425
[INFO] 
[INFO] --- maven-clean-plugin:2.5:clean (default-clean-1) @ org.apache.poi.update ---
[INFO] 
[INFO] --- maven-resources-plugin:2.4.3:resources (default-resources) @ org.apache.poi.update ---
[WARNING] Using platform encoding (Cp1252 actually) to copy filtered resources, i.e. build is platform dependent!
[INFO] skip non existing resourceDirectory C:\Users\Romain Guider\git\M2Doc\dependencies\org.apache.poi.update\src\main\resources
[INFO] 
[INFO] --- target-platform-configuration:0.24.0:target-platform (default-target-platform) @ org.apache.poi.update ---
[INFO] 
[INFO] --- tycho-p2-publisher-plugin:0.24.0:publish-products (default-publish-products) @ org.apache.poi.update ---
[INFO] 
[INFO] --- tycho-p2-publisher-plugin:0.24.0:publish-categories (default-publish-categories) @ org.apache.poi.update ---
[INFO] 
[INFO] --- tycho-p2-publisher-plugin:0.24.0:attach-artifacts (default-attach-artifacts) @ org.apache.poi.update ---
[INFO] 
[INFO] --- tycho-p2-repository-plugin:0.24.0:assemble-repository (default-assemble-repository) @ org.apache.poi.update ---
[INFO] 
[INFO] --- tycho-p2-repository-plugin:0.24.0:archive-repository (default-archive-repository) @ org.apache.poi.update ---
[INFO] Building zip: C:\Users\Romain Guider\git\M2Doc\dependencies\org.apache.poi.update\target\org.apache.poi.update-0.7.0-SNAPSHOT.zip
[INFO] ------------------------------------------------------------------------
[INFO] Reactor Summary:
[INFO] 
[INFO] org.apache.poi ..................................... SUCCESS [03:37 min]
[INFO] org.obeonetwork.m2doc .............................. SUCCESS [  6.840 s]
[INFO] org.obeonetwork.m2doc.ui ........................... SUCCESS [  5.139 s]
[INFO] org.obeonetwork.m2doc.ui.edit ...................... SUCCESS [  1.020 s]
[INFO] org.obeonetwork.m2doc.ui.editor .................... SUCCESS [  3.455 s]
[INFO] org.obeonetwork.m2doc.tests ........................ SUCCESS [ 24.045 s]
[INFO] org.obeonetwork.m2doc.feature ...................... SUCCESS [  0.551 s]
[INFO] org.obeonetwork.m2doc.parent ....................... SUCCESS [  0.002 s]
[INFO] org.obeonetwork.m2doc.update ....................... SUCCESS [  5.268 s]
[INFO] org.apache.poi.feature ............................. SUCCESS [  0.429 s]
[INFO] org.apache.poi.update .............................. SUCCESS [  3.080 s]
[INFO] ------------------------------------------------------------------------
[INFO] BUILD SUCCESS
[INFO] ------------------------------------------------------------------------
[INFO] Total time: 05:18 min
[INFO] Finished at: 2016-04-21T16:29:48+02:00
[INFO] Final Memory: 111M/803M
[INFO] ------------------------------------------------------------------------
